Copyright 1986-2015 Xilinx, Inc. All Rights Reserved.
-----------------------------------------------------------------------------------------------
| Tool Version     : Vivado v.2015.2 (lin64) Build 1266856 Fri Jun 26 16:35:25 MDT 2015
| Date             : Thu Mar  3 14:10:41 2016
| Host             : tlf65.see.ed.ac.uk running 64-bit Scientific Linux release 7.1 (Nitrogen)
| Command          : 
| Design           : Wrapper
| Device           : xc7a35tcpg236-1
| Design State     : Routed
| Grade            : commercial
| Process          : typical
| Characterization : Production
-----------------------------------------------------------------------------------------------

Power Report

Table of Contents
-----------------
1. Summary
1.1 On-Chip Components
1.2 Power Supply Summary
1.3 Confidence Level
2. Settings
2.1 Environment
2.2 Clock Constraints
3. Detailed Reports
3.1 By Hierarchy

1. Summary
----------

+--------------------------+----------------------------------+
| Total On-Chip Power (W)  | 15.078 (Junction temp exceeded!) |
| Dynamic (W)              | 14.819                           |
| Device Static (W)        | 0.259                            |
| Effective TJA (C/W)      | 5.0                              |
| Max Ambient (C)          | 9.6                              |
| Junction Temperature (C) | 100.4                            |
| Confidence Level         | Low                              |
| Setting File             | ---                              |
| Simulation Activity File | ---                              |
| Design Nets Matched      | NA                               |
+--------------------------+----------------------------------+


1.1 On-Chip Components
----------------------

+----------------+-----------+----------+-----------+-----------------+
| On-Chip        | Power (W) | Used     | Available | Utilization (%) |
+----------------+-----------+----------+-----------+-----------------+
| Slice Logic    |     1.755 |      656 |       --- |             --- |
|   LUT as Logic |     1.595 |      279 |     20800 |            1.34 |
|   CARRY4       |     0.070 |       31 |      8150 |            0.38 |
|   Register     |     0.055 |      248 |     41600 |            0.60 |
|   BUFG         |     0.029 |        2 |        32 |            6.25 |
|   F7/F8 Muxes  |     0.005 |        6 |     32600 |            0.02 |
|   Others       |     0.000 |       20 |       --- |             --- |
| Signals        |     1.517 |      522 |       --- |             --- |
| Block RAM      |     0.362 |      1.5 |        50 |            3.00 |
| I/O            |    11.185 |       12 |       106 |           11.32 |
| Static Power   |     0.259 |          |           |                 |
| Total          |    15.078 |          |           |                 |
+----------------+-----------+----------+-----------+-----------------+


1.2 Power Supply Summary
------------------------

+-----------+-------------+-----------+-------------+------------+
| Source    | Voltage (V) | Total (A) | Dynamic (A) | Static (A) |
+-----------+-------------+-----------+-------------+------------+
| Vccint    |       1.000 |     3.773 |       3.613 |      0.160 |
| Vccaux    |       1.800 |     0.440 |       0.410 |      0.030 |
| Vcco33    |       3.300 |     3.166 |       3.165 |      0.001 |
| Vcco25    |       2.500 |     0.000 |       0.000 |      0.000 |
| Vcco18    |       1.800 |     0.000 |       0.000 |      0.000 |
| Vcco15    |       1.500 |     0.000 |       0.000 |      0.000 |
| Vcco135   |       1.350 |     0.000 |       0.000 |      0.000 |
| Vcco12    |       1.200 |     0.000 |       0.000 |      0.000 |
| Vccaux_io |       1.800 |     0.000 |       0.000 |      0.000 |
| Vccbram   |       1.000 |     0.030 |       0.025 |      0.005 |
| MGTAVcc   |       1.000 |     0.000 |       0.000 |      0.000 |
| MGTAVtt   |       1.200 |     0.000 |       0.000 |      0.000 |
| Vccadc    |       1.800 |     0.020 |       0.000 |      0.020 |
+-----------+-------------+-----------+-------------+------------+


1.3 Confidence Level
--------------------

+-----------------------------+------------+--------------------------------------------------------+--------------------------------------------------------------------------------------------------------------------+
| User Input Data             | Confidence | Details                                                | Action                                                                                                             |
+-----------------------------+------------+--------------------------------------------------------+--------------------------------------------------------------------------------------------------------------------+
| Design implementation state | High       | Design is routed                                       |                                                                                                                    |
| Clock nodes activity        | Low        | User specified less than 75% of clocks                 | Provide missing clock activity with a constraint file, simulation results or by editing the "By Clock Domain" view |
| I/O nodes activity          | Low        | More than 75% of inputs are missing user specification | Provide missing input activity with simulation results or by editing the "By Resource Type -> I/Os" view           |
| Internal nodes activity     | Medium     | User specified less than 25% of internal nodes         | Provide missing internal nodes activity with simulation results or by editing the "By Resource Type" views         |
| Device models               | High       | Device models are Production                           |                                                                                                                    |
|                             |            |                                                        |                                                                                                                    |
| Overall confidence level    | Low        |                                                        |                                                                                                                    |
+-----------------------------+------------+--------------------------------------------------------+--------------------------------------------------------------------------------------------------------------------+


2. Settings
-----------

2.1 Environment
---------------

+-----------------------+--------------------------+
| Ambient Temp (C)      | 25.0                     |
| ThetaJA (C/W)         | 5.0                      |
| Airflow (LFM)         | 250                      |
| Heat Sink             | medium (Medium Profile)  |
| ThetaSA (C/W)         | 4.6                      |
| Board Selection       | medium (10"x10")         |
| # of Board Layers     | 12to15 (12 to 15 Layers) |
| Board Temperature (C) | 25.0                     |
+-----------------------+--------------------------+


2.2 Clock Constraints
---------------------

+-------+--------+-----------------+
| Clock | Domain | Constraint (ns) |
+-------+--------+-----------------+


3. Detailed Reports
-------------------

3.1 By Hierarchy
----------------

+---------------------+-----------+
| Name                | Power (W) |
+---------------------+-----------+
| Wrapper             |    14.819 |
|   myMicroProcessor  |     2.122 |
|     ALU0            |     0.318 |
|   myRAM             |     0.127 |
|   myROM             |     0.162 |
|   myTimer           |     0.466 |
|   myVGA             |     0.696 |
|     DownCounter     |     0.070 |
|     MyFrame         |     0.315 |
|     VGA             |     0.303 |
|       BisicHCounter |     0.219 |
|       BisicVCounter |    <0.001 |
+---------------------+-----------+


