
*** Running vivado
    with args -log Wrapper.vds -m64 -mode batch -messageDb vivado.pb -notrace -source Wrapper.tcl


****** Vivado v2015.2 (64-bit)
  **** SW Build 1266856 on Fri Jun 26 16:35:25 MDT 2015
  **** IP Build 1264090 on Wed Jun 24 14:22:01 MDT 2015
    ** Copyright 1986-2015 Xilinx, Inc. All Rights Reserved.

source Wrapper.tcl -notrace
Command: synth_design -top Wrapper -part xc7a35tcpg236-1
Starting synth_design
Attempting to get a license for feature 'Synthesis' and/or device 'xc7a35t'
INFO: [Common 17-349] Got license for feature 'Synthesis' and/or device 'xc7a35t'
INFO: [Common 17-1223] The version limit for your license is '2015.12' and will expire in -75 days. A version limit expiration means that, although you may be able to continue to use the current version of tools or IP with this license, you will not be eligible for any updates or new releases.
---------------------------------------------------------------------------------
Starting RTL Elaboration : Time (s): cpu = 00:00:04 ; elapsed = 00:00:04 . Memory (MB): peak = 1060.887 ; gain = 154.520 ; free physical = 27037 ; free virtual = 94399
---------------------------------------------------------------------------------
INFO: [Synth 8-638] synthesizing module 'Wrapper' [/home/s1231174/Assembler/microprocessor/MicroProcessor.srcs/sources_1/new/Wrapper.v:23]
INFO: [Synth 8-638] synthesizing module 'ROM' [/home/s1231174/Assembler/microprocessor/MicroProcessor.srcs/sources_1/new/ROM.v:23]
	Parameter RAMAddrWidth bound to: 8 - type: integer 
INFO: [Synth 8-3876] $readmem data file '/home/s1231174/Assembler/translator/script.rom' is read successfully [/home/s1231174/Assembler/microprocessor/MicroProcessor.srcs/sources_1/new/ROM.v:39]
INFO: [Synth 8-256] done synthesizing module 'ROM' (1#1) [/home/s1231174/Assembler/microprocessor/MicroProcessor.srcs/sources_1/new/ROM.v:23]
INFO: [Synth 8-638] synthesizing module 'RAM' [/home/s1231174/Assembler/microprocessor/MicroProcessor.srcs/sources_1/new/RAM.v:23]
	Parameter RAMBaseAddr bound to: 0 - type: integer 
	Parameter RAMAddrWidth bound to: 7 - type: integer 
INFO: [Synth 8-3876] $readmem data file '/home/s1231174/Assembler/translator/script.ram' is read successfully [/home/s1231174/Assembler/microprocessor/MicroProcessor.srcs/sources_1/new/RAM.v:56]
INFO: [Synth 8-256] done synthesizing module 'RAM' (2#1) [/home/s1231174/Assembler/microprocessor/MicroProcessor.srcs/sources_1/new/RAM.v:23]
INFO: [Synth 8-638] synthesizing module 'Timer' [/home/s1231174/Assembler/microprocessor/MicroProcessor.srcs/sources_1/new/Timer.v:23]
	Parameter TimerBaseAddr bound to: 8'b11110000 
	Parameter InitialIterruptRate bound to: 1000 - type: integer 
	Parameter InitialIterruptEnable bound to: 1'b1 
INFO: [Synth 8-256] done synthesizing module 'Timer' (3#1) [/home/s1231174/Assembler/microprocessor/MicroProcessor.srcs/sources_1/new/Timer.v:23]
INFO: [Synth 8-638] synthesizing module 'IRTransmitterWrapper' [/home/s1231174/Assembler/microprocessor/MicroProcessor.srcs/sources_1/imports/new/IRTransmitterWrapper.v:26]
	Parameter BASE_ADDR bound to: 8'b10010000 
INFO: [Synth 8-638] synthesizing module 'GenericCounter' [/home/s1231174/Assembler/microprocessor/MicroProcessor.srcs/sources_1/imports/mouseCode/GenericCounter.v:21]
	Parameter COUNTER_WIDTH bound to: 24 - type: integer 
	Parameter COUNTER_MAX bound to: 10000000 - type: integer 
INFO: [Synth 8-256] done synthesizing module 'GenericCounter' (4#1) [/home/s1231174/Assembler/microprocessor/MicroProcessor.srcs/sources_1/imports/mouseCode/GenericCounter.v:21]
INFO: [Synth 8-638] synthesizing module 'IRTransmitterSM' [/home/s1231174/Assembler/microprocessor/MicroProcessor.srcs/sources_1/imports/new/IRTransmitterSM.v:26]
	Parameter StartBurstSize bound to: 88 - type: integer 
	Parameter GapSize bound to: 40 - type: integer 
	Parameter CarSelectBurstSize bound to: 22 - type: integer 
	Parameter AssertBurstSize bound to: 44 - type: integer 
	Parameter DeassertBurstSize bound to: 22 - type: integer 
	Parameter MaxCount bound to: 1250 - type: integer 
INFO: [Synth 8-638] synthesizing module 'GenericCounter__parameterized0' [/home/s1231174/Assembler/microprocessor/MicroProcessor.srcs/sources_1/imports/mouseCode/GenericCounter.v:21]
	Parameter COUNTER_WIDTH bound to: 12 - type: integer 
	Parameter COUNTER_MAX bound to: 1250 - type: integer 
INFO: [Synth 8-256] done synthesizing module 'GenericCounter__parameterized0' (4#1) [/home/s1231174/Assembler/microprocessor/MicroProcessor.srcs/sources_1/imports/mouseCode/GenericCounter.v:21]
INFO: [Synth 8-638] synthesizing module 'BasicStateMachine' [/home/s1231174/Assembler/microprocessor/MicroProcessor.srcs/sources_1/imports/new/BasicStateMachine.v:23]
	Parameter StartBurstSize bound to: 88 - type: integer 
	Parameter GapSize bound to: 40 - type: integer 
	Parameter CarSelectBurstSize bound to: 22 - type: integer 
	Parameter AssertBurstSize bound to: 44 - type: integer 
	Parameter DeassertBurstSize bound to: 22 - type: integer 
	Parameter MaxCount bound to: 1250 - type: integer 
INFO: [Synth 8-638] synthesizing module 'GenericCounter__parameterized1' [/home/s1231174/Assembler/microprocessor/MicroProcessor.srcs/sources_1/imports/mouseCode/GenericCounter.v:21]
	Parameter COUNTER_WIDTH bound to: 8 - type: integer 
	Parameter COUNTER_MAX bound to: 192 - type: integer 
INFO: [Synth 8-256] done synthesizing module 'GenericCounter__parameterized1' (4#1) [/home/s1231174/Assembler/microprocessor/MicroProcessor.srcs/sources_1/imports/mouseCode/GenericCounter.v:21]
WARNING: [Synth 8-3848] Net STATE_OUT in module/entity BasicStateMachine does not have driver. [/home/s1231174/Assembler/microprocessor/MicroProcessor.srcs/sources_1/imports/new/BasicStateMachine.v:28]
INFO: [Synth 8-256] done synthesizing module 'BasicStateMachine' (5#1) [/home/s1231174/Assembler/microprocessor/MicroProcessor.srcs/sources_1/imports/new/BasicStateMachine.v:23]
INFO: [Synth 8-256] done synthesizing module 'IRTransmitterSM' (6#1) [/home/s1231174/Assembler/microprocessor/MicroProcessor.srcs/sources_1/imports/new/IRTransmitterSM.v:26]
INFO: [Synth 8-256] done synthesizing module 'IRTransmitterWrapper' (7#1) [/home/s1231174/Assembler/microprocessor/MicroProcessor.srcs/sources_1/imports/new/IRTransmitterWrapper.v:26]
INFO: [Synth 8-638] synthesizing module 'MicroProcessor' [/home/s1231174/Assembler/microprocessor/MicroProcessor.srcs/sources_1/new/Processor.v:23]
	Parameter IDLE bound to: 8'b11110000 
	Parameter GET_THREAD_START_ADDR_0 bound to: 8'b11110001 
	Parameter GET_THREAD_START_ADDR_1 bound to: 8'b11110010 
	Parameter GET_THREAD_START_ADDR_2 bound to: 8'b11110011 
	Parameter CHOOSE_OPP bound to: 8'b00000000 
	Parameter READ_FROM_MEM_TO_A bound to: 8'b00010000 
	Parameter READ_FROM_MEM_TO_B bound to: 8'b00010001 
	Parameter READ_FROM_MEM_0 bound to: 8'b00010010 
	Parameter READ_FROM_MEM_1 bound to: 8'b00010011 
	Parameter READ_FROM_MEM_2 bound to: 8'b00010100 
	Parameter WRITE_TO_MEM_FROM_A bound to: 8'b00100000 
	Parameter WRITE_TO_MEM_FROM_B bound to: 8'b00100001 
	Parameter WRITE_TO_MEM_0 bound to: 8'b00100010 
	Parameter DO_MATHS_OPP_SAVE_IN_A bound to: 8'b00110000 
	Parameter DO_MATHS_OPP_SAVE_IN_B bound to: 8'b00110001 
	Parameter DO_MATHS_OPP_0 bound to: 8'b00110010 
	Parameter IF_A_EQUALITY_B_GOTO bound to: 8'b01000000 
	Parameter IF_A_EQUALITY_B_GOTO_E bound to: 8'b01000001 
	Parameter IF_A_EQUALITY_B_GOTO_LA bound to: 8'b01000010 
	Parameter IF_A_EQUALITY_B_GOTO_LE bound to: 8'b01000011 
	Parameter IF_A_EQUALITY_B_GOTO_0 bound to: 8'b01000100 
	Parameter GOTO bound to: 8'b01010000 
	Parameter GOTO_0 bound to: 8'b01010001 
	Parameter GOTO_1 bound to: 8'b01010010 
	Parameter FUNCTION_START bound to: 8'b01100000 
	Parameter FUNCTION_START_0 bound to: 8'b01100001 
	Parameter FUNCTION_START_1 bound to: 8'b01100010 
	Parameter RETURN bound to: 8'b01110000 
	Parameter RETURN_0 bound to: 8'b01110001 
	Parameter DE_REFERENCE_A bound to: 8'b10000000 
	Parameter DE_REFERENCE_A_1 bound to: 8'b10000001 
	Parameter DE_REFERENCE_A_2 bound to: 8'b10000010 
	Parameter DE_REFERENCE_B bound to: 8'b10000011 
	Parameter DE_REFERENCE_B_1 bound to: 8'b10000100 
	Parameter DE_REFERENCE_B_2 bound to: 8'b10000101 
	Parameter LOAD_VAL_A bound to: 8'b10000110 
	Parameter LOAD_VAL_A_1 bound to: 8'b10000111 
	Parameter LOAD_VAL_A_2 bound to: 8'b10001000 
	Parameter LOAD_VAL_B bound to: 8'b10001001 
	Parameter LOAD_VAL_B_1 bound to: 8'b10010000 
	Parameter LOAD_VAL_B_2 bound to: 8'b10010001 
INFO: [Synth 8-638] synthesizing module 'ALU' [/home/s1231174/Assembler/microprocessor/MicroProcessor.srcs/sources_1/new/ALU.v:23]
INFO: [Synth 8-256] done synthesizing module 'ALU' (8#1) [/home/s1231174/Assembler/microprocessor/MicroProcessor.srcs/sources_1/new/ALU.v:23]
INFO: [Synth 8-155] case statement is not full and has no default [/home/s1231174/Assembler/microprocessor/MicroProcessor.srcs/sources_1/new/Processor.v:214]
INFO: [Synth 8-256] done synthesizing module 'MicroProcessor' (9#1) [/home/s1231174/Assembler/microprocessor/MicroProcessor.srcs/sources_1/new/Processor.v:23]
INFO: [Synth 8-256] done synthesizing module 'Wrapper' (10#1) [/home/s1231174/Assembler/microprocessor/MicroProcessor.srcs/sources_1/new/Wrapper.v:23]
---------------------------------------------------------------------------------
Finished RTL Elaboration : Time (s): cpu = 00:00:04 ; elapsed = 00:00:05 . Memory (MB): peak = 1099.168 ; gain = 192.801 ; free physical = 26997 ; free virtual = 94361
---------------------------------------------------------------------------------

Report Check Netlist: 
+------+------------------+-------+---------+-------+------------------+
|      |Item              |Errors |Warnings |Status |Description       |
+------+------------------+-------+---------+-------+------------------+
|1     |multi_driven_nets |      0|        0|Passed |Multi driven nets |
+------+------------------+-------+---------+-------+------------------+
---------------------------------------------------------------------------------
Finished RTL Optimization Phase 1 : Time (s): cpu = 00:00:04 ; elapsed = 00:00:05 . Memory (MB): peak = 1099.168 ; gain = 192.801 ; free physical = 26997 ; free virtual = 94361
---------------------------------------------------------------------------------
INFO: [Device 21-403] Loading part xc7a35tcpg236-1
INFO: [Project 1-570] Preparing netlist for logic optimization

Processing XDC Constraints
Initializing timing engine
Parsing XDC File [/home/s1231174/Assembler/microprocessor/MicroProcessor.srcs/constrs_1/imports/new/DSL_VGA.xdc]
Finished Parsing XDC File [/home/s1231174/Assembler/microprocessor/MicroProcessor.srcs/constrs_1/imports/new/DSL_VGA.xdc]
Completed Processing XDC Constraints

INFO: [Project 1-111] Unisim Transformation Summary:
No Unisim elements were transformed.

Constraint Validation Runtime : Time (s): cpu = 00:00:00 ; elapsed = 00:00:00.01 . Memory (MB): peak = 1422.215 ; gain = 0.000 ; free physical = 26792 ; free virtual = 94193
---------------------------------------------------------------------------------
Finished Constraint Validation : Time (s): cpu = 00:00:09 ; elapsed = 00:00:11 . Memory (MB): peak = 1422.215 ; gain = 515.848 ; free physical = 26791 ; free virtual = 94192
---------------------------------------------------------------------------------
---------------------------------------------------------------------------------
Start Loading Part and Timing Information
---------------------------------------------------------------------------------
Loading part: xc7a35tcpg236-1
---------------------------------------------------------------------------------
Finished Loading Part and Timing Information : Time (s): cpu = 00:00:09 ; elapsed = 00:00:11 . Memory (MB): peak = 1422.215 ; gain = 515.848 ; free physical = 26791 ; free virtual = 94192
---------------------------------------------------------------------------------
---------------------------------------------------------------------------------
Start Applying 'set_property' XDC Constraints
---------------------------------------------------------------------------------
---------------------------------------------------------------------------------
Finished applying 'set_property' XDC Constraints : Time (s): cpu = 00:00:09 ; elapsed = 00:00:11 . Memory (MB): peak = 1422.215 ; gain = 515.848 ; free physical = 26791 ; free virtual = 94192
---------------------------------------------------------------------------------
INFO: [Synth 8-5546] ROM "ROM" won't be mapped to RAM because it is too sparse
INFO: [Synth 8-5545] ROM "DownCounter" won't be mapped to RAM because address size (32) is larger than maximum supported(18)
INFO: [Synth 8-5545] ROM "Timer" won't be mapped to RAM because address size (32) is larger than maximum supported(18)
INFO: [Synth 8-5546] ROM "TransmitTimerValue" won't be mapped to RAM because it is too sparse
INFO: [Synth 8-802] inferred FSM for state register 'CurrState_reg' in module 'BasicStateMachine'
INFO: [Synth 8-5546] ROM "CurrState" won't be mapped to RAM because it is too sparse
INFO: [Synth 8-5546] ROM "CurrState" won't be mapped to RAM because it is too sparse
INFO: [Synth 8-5546] ROM "CurrState" won't be mapped to RAM because it is too sparse
INFO: [Synth 8-5546] ROM "CurrState" won't be mapped to RAM because it is too sparse
INFO: [Synth 8-5546] ROM "OUT" won't be mapped to RAM because it is too sparse
INFO: [Synth 8-5546] ROM "OUT" won't be mapped to RAM because it is too sparse
INFO: [Synth 8-5546] ROM "OUT" won't be mapped to RAM because it is too sparse
INFO: [Synth 8-5544] ROM "OUT" won't be mapped to Block RAM because address size (4) smaller than threshold (5)
INFO: [Synth 8-5544] ROM "PACKET_COUNT_RST" won't be mapped to Block RAM because address size (4) smaller than threshold (5)
INFO: [Synth 8-5546] ROM "COMMAND" won't be mapped to RAM because it is too sparse
INFO: [Synth 8-3537] HDL ADVISOR - The operator resource <adder> is shared. To prevent sharing consider applying a KEEP on the inputs of the operator [/home/s1231174/Assembler/microprocessor/MicroProcessor.srcs/sources_1/new/ALU.v:40]
INFO: [Synth 8-802] inferred FSM for state register 'CurrState_reg' in module 'MicroProcessor'
INFO: [Synth 8-5546] ROM "NextProgCounterOffset" won't be mapped to RAM because it is too sparse
INFO: [Synth 8-5546] ROM "NextBusDataOut" won't be mapped to RAM because it is too sparse
INFO: [Synth 8-5546] ROM "NextRegSelect" won't be mapped to RAM because it is too sparse
INFO: [Synth 8-5546] ROM "NextFunctionCall" won't be mapped to RAM because it is too sparse
INFO: [Synth 8-5544] ROM "NextState" won't be mapped to Block RAM because address size (4) smaller than threshold (5)
INFO: [Synth 8-5544] ROM "NextState" won't be mapped to Block RAM because address size (1) smaller than threshold (5)
INFO: [Synth 8-5562] The signal Mem_reg is implemented as block RAM but is better mapped onto distributed LUT RAM for the following reason(s): The *depth (7 address bits)* is shallow. Please use attribute (* ram_style = "distributed" *) to instruct Vivado to infer distributed LUT RAM.
---------------------------------------------------------------------------------------------------
                   State |                     New Encoding |                     Old Encoding 
---------------------------------------------------------------------------------------------------
                  iSTATE |                             0000 |                             0000
                 iSTATE0 |                             0001 |                             0001
                 iSTATE1 |                             0010 |                             0010
                 iSTATE2 |                             0011 |                             0011
                 iSTATE3 |                             0100 |                             0100
                 iSTATE4 |                             0101 |                             0101
                 iSTATE5 |                             0110 |                             0110
                 iSTATE6 |                             0111 |                             0111
                 iSTATE7 |                             1000 |                             1000
                 iSTATE8 |                             1001 |                             1001
                 iSTATE9 |                             1010 |                             1010
                iSTATE10 |                             1011 |                             1011
                iSTATE11 |                             1100 |                             1100
---------------------------------------------------------------------------------------------------
INFO: [Synth 8-3354] encoded FSM with state register 'CurrState_reg' using encoding 'sequential' in module 'BasicStateMachine'
---------------------------------------------------------------------------------------------------
                   State |                     New Encoding |                     Old Encoding 
---------------------------------------------------------------------------------------------------
                    IDLE |                           000000 |                         11110000
 GET_THREAD_START_ADDR_0 |                           000001 |                         11110001
 GET_THREAD_START_ADDR_1 |                           000010 |                         11110010
 GET_THREAD_START_ADDR_2 |                           000011 |                         11110011
              CHOOSE_OPP |                           000100 |                         00000000
      READ_FROM_MEM_TO_A |                           000101 |                         00010000
      READ_FROM_MEM_TO_B |                           000110 |                         00010001
         READ_FROM_MEM_0 |                           000111 |                         00010010
         READ_FROM_MEM_1 |                           001000 |                         00010011
         READ_FROM_MEM_2 |                           001001 |                         00010100
     WRITE_TO_MEM_FROM_A |                           001010 |                         00100000
     WRITE_TO_MEM_FROM_B |                           001011 |                         00100001
          WRITE_TO_MEM_0 |                           001100 |                         00100010
  DO_MATHS_OPP_SAVE_IN_A |                           001101 |                         00110000
  DO_MATHS_OPP_SAVE_IN_B |                           001110 |                         00110001
          DO_MATHS_OPP_0 |                           001111 |                         00110010
    IF_A_EQUALITY_B_GOTO |                           010000 |                         01000000
 IF_A_EQUALITY_B_GOTO_LE |                           010001 |                         01000011
 IF_A_EQUALITY_B_GOTO_LA |                           010010 |                         01000010
  IF_A_EQUALITY_B_GOTO_E |                           010011 |                         01000001
  IF_A_EQUALITY_B_GOTO_0 |                           010100 |                         01000100
                    GOTO |                           010101 |                         01010000
                  GOTO_0 |                           010110 |                         01010001
                  GOTO_1 |                           010111 |                         01010010
          FUNCTION_START |                           011000 |                         01100000
        FUNCTION_START_0 |                           011001 |                         01100001
        FUNCTION_START_1 |                           011010 |                         01100010
                  RETURN |                           011011 |                         01110000
                RETURN_0 |                           011100 |                         01110001
          DE_REFERENCE_A |                           011101 |                         10000000
        DE_REFERENCE_A_1 |                           011110 |                         10000001
        DE_REFERENCE_A_2 |                           011111 |                         10000010
          DE_REFERENCE_B |                           100000 |                         10000011
        DE_REFERENCE_B_1 |                           100001 |                         10000100
        DE_REFERENCE_B_2 |                           100010 |                         10000101
              LOAD_VAL_A |                           100011 |                         10000110
            LOAD_VAL_A_1 |                           100100 |                         10000111
            LOAD_VAL_A_2 |                           100101 |                         10001000
              LOAD_VAL_B |                           100110 |                         10001001
            LOAD_VAL_B_1 |                           100111 |                         10010000
            LOAD_VAL_B_2 |                           101000 |                         10010001
---------------------------------------------------------------------------------------------------
INFO: [Synth 8-3354] encoded FSM with state register 'CurrState_reg' using encoding 'sequential' in module 'MicroProcessor'
---------------------------------------------------------------------------------
Finished RTL Optimization Phase 2 : Time (s): cpu = 00:00:10 ; elapsed = 00:00:12 . Memory (MB): peak = 1422.215 ; gain = 515.848 ; free physical = 26782 ; free virtual = 94183
---------------------------------------------------------------------------------

Report RTL Partitions: 
+-+--------------+------------+----------+
| |RTL Partition |Replication |Instances |
+-+--------------+------------+----------+
+-+--------------+------------+----------+
---------------------------------------------------------------------------------
Start RTL Component Statistics 
---------------------------------------------------------------------------------
Detailed RTL Component Info : 
+---Adders : 
	   2 Input     32 Bit       Adders := 2     
	   2 Input     24 Bit       Adders := 1     
	   2 Input     12 Bit       Adders := 1     
	   2 Input      8 Bit       Adders := 4     
	   3 Input      8 Bit       Adders := 1     
+---Registers : 
	               32 Bit    Registers := 2     
	               24 Bit    Registers := 1     
	               12 Bit    Registers := 1     
	               10 Bit    Registers := 1     
	                8 Bit    Registers := 10    
	                4 Bit    Registers := 2     
	                2 Bit    Registers := 2     
	                1 Bit    Registers := 13    
+---RAMs : 
	             1024 Bit         RAMs := 1     
+---Muxes : 
	 257 Input      8 Bit        Muxes := 1     
	  13 Input      8 Bit        Muxes := 3     
	   8 Input      8 Bit        Muxes := 1     
	   3 Input      8 Bit        Muxes := 1     
	   2 Input      8 Bit        Muxes := 4     
	  41 Input      8 Bit        Muxes := 4     
	  60 Input      6 Bit        Muxes := 1     
	   2 Input      4 Bit        Muxes := 2     
	  13 Input      4 Bit        Muxes := 1     
	  13 Input      3 Bit        Muxes := 1     
	   3 Input      2 Bit        Muxes := 1     
	  41 Input      2 Bit        Muxes := 1     
	   2 Input      1 Bit        Muxes := 17    
	  13 Input      1 Bit        Muxes := 5     
	   4 Input      1 Bit        Muxes := 1     
	  41 Input      1 Bit        Muxes := 9     
---------------------------------------------------------------------------------
Finished RTL Component Statistics 
---------------------------------------------------------------------------------
---------------------------------------------------------------------------------
Start RTL Hierarchical Component Statistics 
---------------------------------------------------------------------------------
Hierarchical RTL Component report 
Module ROM 
Detailed RTL Component Info : 
+---Registers : 
	                8 Bit    Registers := 1     
+---Muxes : 
	 257 Input      8 Bit        Muxes := 1     
Module RAM 
Detailed RTL Component Info : 
+---Registers : 
	                8 Bit    Registers := 1     
	                1 Bit    Registers := 1     
+---RAMs : 
	             1024 Bit         RAMs := 1     
Module Timer 
Detailed RTL Component Info : 
+---Adders : 
	   2 Input     32 Bit       Adders := 2     
+---Registers : 
	               32 Bit    Registers := 2     
	               10 Bit    Registers := 1     
	                1 Bit    Registers := 4     
+---Muxes : 
	   2 Input      1 Bit        Muxes := 4     
Module GenericCounter 
Detailed RTL Component Info : 
+---Adders : 
	   2 Input     24 Bit       Adders := 1     
+---Registers : 
	               24 Bit    Registers := 1     
	                1 Bit    Registers := 1     
Module GenericCounter__parameterized0 
Detailed RTL Component Info : 
+---Adders : 
	   2 Input     12 Bit       Adders := 1     
+---Registers : 
	               12 Bit    Registers := 1     
	                1 Bit    Registers := 1     
Module GenericCounter__parameterized1 
Detailed RTL Component Info : 
+---Adders : 
	   2 Input      8 Bit       Adders := 1     
+---Registers : 
	                8 Bit    Registers := 1     
	                1 Bit    Registers := 1     
Module BasicStateMachine 
Detailed RTL Component Info : 
+---Registers : 
	                4 Bit    Registers := 1     
	                1 Bit    Registers := 2     
+---Muxes : 
	   2 Input      4 Bit        Muxes := 2     
	  13 Input      4 Bit        Muxes := 1     
	   2 Input      1 Bit        Muxes := 12    
	  13 Input      1 Bit        Muxes := 5     
Module IRTransmitterSM 
Detailed RTL Component Info : 
+---Registers : 
	                1 Bit    Registers := 1     
Module IRTransmitterWrapper 
Detailed RTL Component Info : 
+---Registers : 
	                4 Bit    Registers := 1     
Module ALU 
Detailed RTL Component Info : 
+---Adders : 
	   3 Input      8 Bit       Adders := 1     
+---Registers : 
	                8 Bit    Registers := 1     
+---Muxes : 
	  13 Input      8 Bit        Muxes := 3     
	   8 Input      8 Bit        Muxes := 1     
	  13 Input      3 Bit        Muxes := 1     
Module MicroProcessor 
Detailed RTL Component Info : 
+---Adders : 
	   2 Input      8 Bit       Adders := 3     
+---Registers : 
	                8 Bit    Registers := 6     
	                2 Bit    Registers := 2     
	                1 Bit    Registers := 2     
+---Muxes : 
	   3 Input      8 Bit        Muxes := 1     
	   2 Input      8 Bit        Muxes := 4     
	  41 Input      8 Bit        Muxes := 4     
	  60 Input      6 Bit        Muxes := 1     
	   3 Input      2 Bit        Muxes := 1     
	  41 Input      2 Bit        Muxes := 1     
	   2 Input      1 Bit        Muxes := 1     
	   4 Input      1 Bit        Muxes := 1     
	  41 Input      1 Bit        Muxes := 9     
---------------------------------------------------------------------------------
Finished RTL Hierarchical Component Statistics
---------------------------------------------------------------------------------
---------------------------------------------------------------------------------
Start Part Resource Summary
---------------------------------------------------------------------------------
Part Resources:
DSPs: 120 (col length:60)
BRAMs: 150 (col length: RAMB18 60 RAMB36 30)
---------------------------------------------------------------------------------
Finished Part Resource Summary
---------------------------------------------------------------------------------
Start Parallel Synthesis Optimization  : Time (s): cpu = 00:00:10 ; elapsed = 00:00:12 . Memory (MB): peak = 1422.215 ; gain = 515.848 ; free physical = 26782 ; free virtual = 94183
---------------------------------------------------------------------------------
Start Cross Boundary Optimization
---------------------------------------------------------------------------------
INFO: [Synth 8-5545] ROM "DownCounter" won't be mapped to RAM because address size (32) is larger than maximum supported(18)
INFO: [Synth 8-5545] ROM "Timer" won't be mapped to RAM because address size (32) is larger than maximum supported(18)
INFO: [Synth 8-5546] ROM "TransmitTimerValue" won't be mapped to RAM because it is too sparse
INFO: [Synth 8-5546] ROM "YellowCar/PACKET_SM/OUT" won't be mapped to RAM because it is too sparse
INFO: [Synth 8-5546] ROM "YellowCar/PACKET_SM/OUT" won't be mapped to RAM because it is too sparse
INFO: [Synth 8-5546] ROM "YellowCar/PACKET_SM/OUT" won't be mapped to RAM because it is too sparse
INFO: [Synth 8-5546] ROM "YellowCar/PACKET_SM/CurrState" won't be mapped to RAM because it is too sparse
INFO: [Synth 8-5546] ROM "YellowCar/PACKET_SM/CurrState" won't be mapped to RAM because it is too sparse
INFO: [Synth 8-5546] ROM "YellowCar/PACKET_SM/CurrState" won't be mapped to RAM because it is too sparse
INFO: [Synth 8-5546] ROM "YellowCar/PACKET_SM/CurrState" won't be mapped to RAM because it is too sparse
INFO: [Synth 8-5546] ROM "COMMAND" won't be mapped to RAM because it is too sparse
---------------------------------------------------------------------------------
Finished Cross Boundary Optimization : Time (s): cpu = 00:00:10 ; elapsed = 00:00:12 . Memory (MB): peak = 1422.215 ; gain = 515.848 ; free physical = 26782 ; free virtual = 94183
---------------------------------------------------------------------------------
Finished Parallel Reinference  : Time (s): cpu = 00:00:10 ; elapsed = 00:00:12 . Memory (MB): peak = 1422.215 ; gain = 515.848 ; free physical = 26782 ; free virtual = 94183

Report RTL Partitions: 
+-+--------------+------------+----------+
| |RTL Partition |Replication |Instances |
+-+--------------+------------+----------+
+-+--------------+------------+----------+
INFO: [Synth 8-5562] The signal myRAM/Mem_reg is implemented as block RAM but is better mapped onto distributed LUT RAM for the following reason(s): The *depth (7 address bits)* is shallow. Please use attribute (* ram_style = "distributed" *) to instruct Vivado to infer distributed LUT RAM.
---------------------------------------------------------------------------------
Start ROM, RAM, DSP and Shift Register Reporting
---------------------------------------------------------------------------------

Block RAM:
+------------+---------------+------------------------+---+---+------------------------+---+---+---------+--------+--------+-------------------+
|Module Name | RTL Object    | PORT A (Depth x Width) | W | R | PORT B (Depth x Width) | W | R | OUT_REG | RAMB18 | RAMB36 | Hierarchical Name | 
+------------+---------------+------------------------+---+---+------------------------+---+---+---------+--------+--------+-------------------+
|Wrapper     | myRAM/Mem_reg | 128 x 8(READ_FIRST)    | W | R |                        |   |   | Port A  | 1      | 0      | Wrapper/extram__2 | 
+------------+---------------+------------------------+---+---+------------------------+---+---+---------+--------+--------+-------------------+

Note: The table shows the Block RAMs at the current stage of the synthesis flow. Some Block RAMs may be reimplemented as non Block RAM primitives later in the synthesis flow. Multiple instantiated Block RAMs are reported only once. "Hierarchical Name" reflects the Block RAM name as it appears in the hierarchical module and only part of it is displayed.
---------------------------------------------------------------------------------
Finished ROM, RAM, DSP and Shift Register Reporting
---------------------------------------------------------------------------------
INFO: [Synth 8-3333] propagating constant 0 across sequential element (\myMicroProcessor/CurrProgCounterOffset_reg[1] )
WARNING: [Synth 8-3332] Sequential element (\myTimer/InterruptRate_reg[8] ) is unused and will be removed from module Wrapper.
WARNING: [Synth 8-3332] Sequential element (\myMicroProcessor/CurrProgCounterOffset_reg[1] ) is unused and will be removed from module Wrapper.
WARNING: [Synth 8-3332] Sequential element (\myMicroProcessor/CurrInterruptAck_reg[0] ) is unused and will be removed from module Wrapper.
---------------------------------------------------------------------------------
Start Area Optimization
---------------------------------------------------------------------------------
---------------------------------------------------------------------------------
Finished Area Optimization : Time (s): cpu = 00:00:12 ; elapsed = 00:00:14 . Memory (MB): peak = 1422.215 ; gain = 515.848 ; free physical = 26765 ; free virtual = 94168
---------------------------------------------------------------------------------
Finished Parallel Area Optimization  : Time (s): cpu = 00:00:12 ; elapsed = 00:00:14 . Memory (MB): peak = 1422.215 ; gain = 515.848 ; free physical = 26765 ; free virtual = 94168

Report RTL Partitions: 
+-+--------------+------------+----------+
| |RTL Partition |Replication |Instances |
+-+--------------+------------+----------+
+-+--------------+------------+----------+
Finished Parallel Synthesis Optimization  : Time (s): cpu = 00:00:12 ; elapsed = 00:00:14 . Memory (MB): peak = 1422.215 ; gain = 515.848 ; free physical = 26765 ; free virtual = 94168
---------------------------------------------------------------------------------
Start Timing Optimization
---------------------------------------------------------------------------------
---------------------------------------------------------------------------------
Start Applying XDC Timing Constraints
---------------------------------------------------------------------------------
---------------------------------------------------------------------------------
Finished Applying XDC Timing Constraints : Time (s): cpu = 00:00:18 ; elapsed = 00:00:20 . Memory (MB): peak = 1422.215 ; gain = 515.848 ; free physical = 26699 ; free virtual = 94109
---------------------------------------------------------------------------------
---------------------------------------------------------------------------------
Finished Timing Optimization : Time (s): cpu = 00:00:18 ; elapsed = 00:00:20 . Memory (MB): peak = 1422.215 ; gain = 515.848 ; free physical = 26698 ; free virtual = 94109
---------------------------------------------------------------------------------

Report RTL Partitions: 
+-+--------------+------------+----------+
| |RTL Partition |Replication |Instances |
+-+--------------+------------+----------+
+-+--------------+------------+----------+
---------------------------------------------------------------------------------
Start Technology Mapping
---------------------------------------------------------------------------------
INFO: [Synth 8-4480] The timing for the instance \myRAM/Mem_reg  (implemented as a block RAM) might be sub-optimal as no optional output register could be merged into the block ram. Providing additional output register may help in improving timing.
---------------------------------------------------------------------------------
Finished Technology Mapping : Time (s): cpu = 00:00:18 ; elapsed = 00:00:21 . Memory (MB): peak = 1422.215 ; gain = 515.848 ; free physical = 26675 ; free virtual = 94086
---------------------------------------------------------------------------------

Report RTL Partitions: 
+-+--------------+------------+----------+
| |RTL Partition |Replication |Instances |
+-+--------------+------------+----------+
+-+--------------+------------+----------+
---------------------------------------------------------------------------------
Start IO Insertion
---------------------------------------------------------------------------------
---------------------------------------------------------------------------------
Start Final Netlist Cleanup
---------------------------------------------------------------------------------
---------------------------------------------------------------------------------
Finished Final Netlist Cleanup
---------------------------------------------------------------------------------
---------------------------------------------------------------------------------
Finished IO Insertion : Time (s): cpu = 00:00:19 ; elapsed = 00:00:21 . Memory (MB): peak = 1422.215 ; gain = 515.848 ; free physical = 26675 ; free virtual = 94086
---------------------------------------------------------------------------------

Report Check Netlist: 
+------+------------------+-------+---------+-------+------------------+
|      |Item              |Errors |Warnings |Status |Description       |
+------+------------------+-------+---------+-------+------------------+
|1     |multi_driven_nets |      0|        0|Passed |Multi driven nets |
+------+------------------+-------+---------+-------+------------------+
---------------------------------------------------------------------------------
Start Renaming Generated Instances
---------------------------------------------------------------------------------
---------------------------------------------------------------------------------
Finished Renaming Generated Instances : Time (s): cpu = 00:00:19 ; elapsed = 00:00:21 . Memory (MB): peak = 1422.215 ; gain = 515.848 ; free physical = 26675 ; free virtual = 94086
---------------------------------------------------------------------------------

Report RTL Partitions: 
+-+--------------+------------+----------+
| |RTL Partition |Replication |Instances |
+-+--------------+------------+----------+
+-+--------------+------------+----------+
---------------------------------------------------------------------------------
Start Rebuilding User Hierarchy
---------------------------------------------------------------------------------
---------------------------------------------------------------------------------
Finished Rebuilding User Hierarchy : Time (s): cpu = 00:00:19 ; elapsed = 00:00:21 . Memory (MB): peak = 1422.215 ; gain = 515.848 ; free physical = 26675 ; free virtual = 94086
---------------------------------------------------------------------------------
---------------------------------------------------------------------------------
Start Renaming Generated Ports : Time (s): cpu = 00:00:19 ; elapsed = 00:00:21 . Memory (MB): peak = 1422.215 ; gain = 515.848 ; free physical = 26675 ; free virtual = 94086
---------------------------------------------------------------------------------
---------------------------------------------------------------------------------
Finished Renaming Generated Ports : Time (s): cpu = 00:00:19 ; elapsed = 00:00:21 . Memory (MB): peak = 1422.215 ; gain = 515.848 ; free physical = 26675 ; free virtual = 94086
---------------------------------------------------------------------------------
---------------------------------------------------------------------------------
Start Writing Synthesis Report
---------------------------------------------------------------------------------

Report BlackBoxes: 
+-+--------------+----------+
| |BlackBox name |Instances |
+-+--------------+----------+
+-+--------------+----------+

Report Cell Usage: 
+------+---------+------+
|      |Cell     |Count |
+------+---------+------+
|1     |BUFG     |     1|
|2     |CARRY4   |    46|
|3     |LUT1     |   122|
|4     |LUT2     |    74|
|5     |LUT3     |    43|
|6     |LUT4     |    64|
|7     |LUT5     |    61|
|8     |LUT6     |   219|
|9     |MUXF7    |    14|
|10    |RAMB18E1 |     1|
|11    |FDCE     |    54|
|12    |FDPE     |     5|
|13    |FDRE     |   176|
|14    |FDSE     |    14|
|15    |LDC      |     4|
|16    |IBUF     |     2|
|17    |OBUF     |     1|
+------+---------+------+

Report Instance Areas: 
+------+----------------------+-------------------------------+------+
|      |Instance              |Module                         |Cells |
+------+----------------------+-------------------------------+------+
|1     |top                   |                               |   901|
|2     |  myIR                |IRTransmitterWrapper           |   210|
|3     |    TEN_CLK_COUNT_YEL |GenericCounter                 |    92|
|4     |    YellowCar         |IRTransmitterSM                |   114|
|5     |      PACKET_SM       |BasicStateMachine              |    70|
|6     |        PACKET_COUNT  |GenericCounter__parameterized1 |    41|
|7     |      PULSE_CLK_COUNT |GenericCounter__parameterized0 |    42|
|8     |  myMicroProcessor    |MicroProcessor                 |   325|
|9     |    ALU0              |ALU                            |    58|
|10    |  myRAM               |RAM                            |     2|
|11    |  myROM               |ROM                            |    70|
|12    |  myTimer             |Timer                          |   286|
+------+----------------------+-------------------------------+------+
---------------------------------------------------------------------------------
Finished Writing Synthesis Report : Time (s): cpu = 00:00:19 ; elapsed = 00:00:21 . Memory (MB): peak = 1422.215 ; gain = 515.848 ; free physical = 26675 ; free virtual = 94086
---------------------------------------------------------------------------------
Synthesis finished with 0 errors, 0 critical warnings and 3 warnings.
Synthesis Optimization Runtime : Time (s): cpu = 00:00:14 ; elapsed = 00:00:15 . Memory (MB): peak = 1422.215 ; gain = 76.281 ; free physical = 26675 ; free virtual = 94086
Synthesis Optimization Complete : Time (s): cpu = 00:00:19 ; elapsed = 00:00:21 . Memory (MB): peak = 1422.215 ; gain = 515.848 ; free physical = 26675 ; free virtual = 94086
INFO: [Project 1-571] Translating synthesized netlist
INFO: [Netlist 29-17] Analyzing 53 Unisim elements for replacement
INFO: [Netlist 29-28] Unisim Transformation completed in 0 CPU seconds
INFO: [Project 1-570] Preparing netlist for logic optimization
INFO: [Opt 31-138] Pushed 0 inverter(s) to 0 load pin(s).
INFO: [Project 1-111] Unisim Transformation Summary:
  A total of 4 instances were transformed.
  LDC => LDCE: 4 instances

INFO: [Common 17-83] Releasing license: Synthesis
79 Infos, 4 Warnings, 0 Critical Warnings and 0 Errors encountered.
synth_design completed successfully
synth_design: Time (s): cpu = 00:00:18 ; elapsed = 00:00:20 . Memory (MB): peak = 1438.230 ; gain = 423.344 ; free physical = 26673 ; free virtual = 94085
report_utilization: Time (s): cpu = 00:00:00.65 ; elapsed = 00:00:00.70 . Memory (MB): peak = 1471.246 ; gain = 0.000 ; free physical = 26670 ; free virtual = 94083
INFO: [Common 17-206] Exiting Vivado at Tue Mar 15 09:18:35 2016...
